2020-03-18 10:26:01 [scrapy.utils.log] INFO: Scrapy 2.0.0 started (bot: job_message)
2020-03-18 10:26:01 [scrapy.utils.log] INFO: Versions: lxml 4.5.0.0, libxml2 2.9.10, cssselect 1.1.0, parsel 1.5.2, w3lib 1.21.0, Twisted 19.10.0, Python 3.8.2 (tags/v3.8.2:7b3ab59, Feb 25 2020, 23:03:10) [MSC v.1916 64 bit (AMD64)], pyOpenSSL 19.1.0 (OpenSSL 1.1.1d  10 Sep 2019), cryptography 2.8, Platform Windows-10-10.0.18362-SP0
2020-03-18 10:26:01 [scrapy.crawler] INFO: Overridden settings:
{'BOT_NAME': 'job_message',
 'CONCURRENT_REQUESTS': 4,
 'CONCURRENT_REQUESTS_PER_IP': 3,
 'LOG_FILE': 'logs\\job_message\\boss\\cdf9eddf68bf11eaa22700e03b680207.log',
 'LOG_LEVEL': 'INFO',
 'NEWSPIDER_MODULE': 'job_message.spiders',
 'SPIDER_MODULES': ['job_message.spiders']}
2020-03-18 10:26:01 [scrapy.middleware] INFO: Enabled extensions:
['scrapy.extensions.corestats.CoreStats',
 'scrapy.extensions.logstats.LogStats',
 'job_message.middle.spider_stats.SpiderStatsMid']
2020-03-18 10:26:01 [boss] INFO: Boss webdrive start
2020-03-18 10:26:06 [scrapy.middleware] INFO: Enabled downloader middlewares:
['scrapy.downloadermiddlewares.httpauth.HttpAuthMiddleware',
 'scrapy.downloadermiddlewares.downloadtimeout.DownloadTimeoutMiddleware',
 'scrapy.downloadermiddlewares.defaultheaders.DefaultHeadersMiddleware',
 'job_message.middle.user_agent.UserAgentMid',
 'scrapy.downloadermiddlewares.retry.RetryMiddleware',
 'scrapy.downloadermiddlewares.redirect.MetaRefreshMiddleware',
 'scrapy.downloadermiddlewares.httpcompression.HttpCompressionMiddleware',
 'scrapy.downloadermiddlewares.redirect.RedirectMiddleware',
 'scrapy.downloadermiddlewares.cookies.CookiesMiddleware',
 'scrapy.downloadermiddlewares.httpproxy.HttpProxyMiddleware',
 'scrapy.downloadermiddlewares.stats.DownloaderStats',
 'job_message.middlewares.JsMiddleware']
2020-03-18 10:26:06 [scrapy.middleware] INFO: Enabled spider middlewares:
['scrapy.spidermiddlewares.httperror.HttpErrorMiddleware',
 'scrapy.spidermiddlewares.offsite.OffsiteMiddleware',
 'scrapy.spidermiddlewares.referer.RefererMiddleware',
 'scrapy.spidermiddlewares.urllength.UrlLengthMiddleware',
 'scrapy.spidermiddlewares.depth.DepthMiddleware']
2020-03-18 10:26:06 [scrapy.middleware] INFO: Enabled item pipelines:
['job_message.pipelines.MysqlPoolInsertPipeline']
2020-03-18 10:26:06 [scrapy.core.engine] INFO: Spider opened
2020-03-18 10:26:06 [scrapy.extensions.logstats] INFO: Crawled 0 pages (at 0 pages/min), scraped 0 items (at 0 items/min)
2020-03-18 10:26:06 [py.warnings] WARNING: e:\pachong\scripy_venv\lib\site-packages\scrapy\spidermiddlewares\offsite.py:61: URLWarning: allowed_domains accepts only domains, not URLs. Ignoring URL entry https://www.zhipin.com in allowed_domains.
  warnings.warn(message, URLWarning)

2020-03-18 10:26:06 [boss] INFO: Boss crawl start
2020-03-18 10:26:06 [boss] INFO: Boss page:1
2020-03-18 10:26:06 [boss] INFO: start url :https://www.zhipin.com/c101010100/y_6/?query=python%E7%88%AC%E8%99%AB%E5%B7%A5%E7%A8%8B%E5%B8%88&page=1&ka=page-1
2020-03-18 10:26:09 [boss] INFO: Boss page:2
2020-03-18 10:26:09 [boss] INFO: start url :https://www.zhipin.com/c101010100/y_6/?query=python%E7%88%AC%E8%99%AB%E5%B7%A5%E7%A8%8B%E5%B8%88&page=2&ka=page-2
2020-03-18 10:26:10 [boss] INFO: Boss page:3
2020-03-18 10:26:10 [boss] INFO: start url :https://www.zhipin.com/c101010100/y_6/?query=python%E7%88%AC%E8%99%AB%E5%B7%A5%E7%A8%8B%E5%B8%88&page=3&ka=page-3
2020-03-18 10:26:14 [boss] INFO: Boss page:4
2020-03-18 10:26:14 [boss] INFO: start url :https://www.zhipin.com/c101010100/y_6/?query=python%E7%88%AC%E8%99%AB%E5%B7%A5%E7%A8%8B%E5%B8%88&page=4&ka=page-4
2020-03-18 10:26:18 [boss] INFO: Boss page:5
2020-03-18 10:26:18 [boss] INFO: start url :https://www.zhipin.com/c101010100/y_6/?query=python%E7%88%AC%E8%99%AB%E5%B7%A5%E7%A8%8B%E5%B8%88&page=5&ka=page-5
2020-03-18 10:26:24 [boss] INFO: Boss page:6
2020-03-18 10:26:24 [boss] INFO: start url :https://www.zhipin.com/c101010100/y_6/?query=python%E7%88%AC%E8%99%AB%E5%B7%A5%E7%A8%8B%E5%B8%88&page=6&ka=page-6
2020-03-18 10:26:31 [boss] INFO: Boss page:7
2020-03-18 10:26:31 [boss] INFO: start url :https://www.zhipin.com/c101010100/y_6/?query=python%E7%88%AC%E8%99%AB%E5%B7%A5%E7%A8%8B%E5%B8%88&page=7&ka=page-7
2020-03-18 10:26:41 [boss] INFO: Boss page:8
2020-03-18 10:26:41 [boss] INFO: start url :https://www.zhipin.com/c101010100/y_6/?query=python%E7%88%AC%E8%99%AB%E5%B7%A5%E7%A8%8B%E5%B8%88&page=8&ka=page-8
2020-03-18 10:26:49 [boss] INFO: Boss page:9
2020-03-18 10:26:49 [boss] INFO: start url :https://www.zhipin.com/c101010100/y_6/?query=python%E7%88%AC%E8%99%AB%E5%B7%A5%E7%A8%8B%E5%B8%88&page=9&ka=page-9
2020-03-18 10:27:00 [boss] INFO: Boss page:10
2020-03-18 10:27:00 [boss] INFO: start url :https://www.zhipin.com/c101010100/y_6/?query=python%E7%88%AC%E8%99%AB%E5%B7%A5%E7%A8%8B%E5%B8%88&page=10&ka=page-10
2020-03-18 10:27:18 [scrapy.extensions.logstats] INFO: Crawled 10 pages (at 10 pages/min), scraped 33 items (at 33 items/min)
2020-03-18 10:28:19 [scrapy.extensions.logstats] INFO: Crawled 10 pages (at 0 pages/min), scraped 77 items (at 44 items/min)
2020-03-18 10:29:19 [scrapy.extensions.logstats] INFO: Crawled 10 pages (at 0 pages/min), scraped 121 items (at 44 items/min)
2020-03-18 10:30:18 [scrapy.extensions.logstats] INFO: Crawled 10 pages (at 0 pages/min), scraped 165 items (at 44 items/min)
2020-03-18 10:31:20 [scrapy.extensions.logstats] INFO: Crawled 10 pages (at 0 pages/min), scraped 208 items (at 43 items/min)
2020-03-18 10:32:20 [scrapy.extensions.logstats] INFO: Crawled 10 pages (at 0 pages/min), scraped 251 items (at 43 items/min)
2020-03-18 10:33:14 [scrapy.extensions.logstats] INFO: Crawled 10 pages (at 0 pages/min), scraped 290 items (at 39 items/min)
2020-03-18 10:33:28 [scrapy.core.engine] INFO: Closing spider (finished)
2020-03-18 10:33:28 [boss] INFO: Boss webdrive closed
2020-03-18 10:33:30 [scrapy.statscollectors] INFO: Dumping Scrapy stats:
{'downloader/request_bytes': 3810,
 'downloader/request_count': 10,
 'downloader/request_method_count/GET': 10,
 'downloader/response_bytes': 2602316,
 'downloader/response_count': 10,
 'downloader/response_status_count/200': 10,
 'elapsed_time_seconds': 441.376125,
 'finish_reason': 'finished',
 'finish_time': datetime.datetime(2020, 3, 18, 2, 33, 28, 303178),
 'item_scraped_count': 300,
 'log_count/INFO': 38,
 'log_count/WARNING': 1,
 'response_received_count': 10,
 'scheduler/dequeued': 10,
 'scheduler/dequeued/memory': 10,
 'scheduler/enqueued': 10,
 'scheduler/enqueued/memory': 10,
 'start_time': datetime.datetime(2020, 3, 18, 2, 26, 6, 927053)}
2020-03-18 10:33:30 [scrapy.core.engine] INFO: Spider closed (finished)
